[14-11-2024 16:45:35.393 INFO com.orangehrm.pim.PIM_01_Employee_Log4J] - Employee_01_Add_New - STEP 01: Open Employee List Page
[14-11-2024 16:45:52.795 INFO com.orangehrm.pim.PIM_01_Employee_Log4J] - Employee_01_Add_New - STEP 02: Open Add New Employee Page
[14-11-2024 16:45:57.643 INFO com.orangehrm.pim.PIM_01_Employee_Log4J] - Employee_01_Add_New - STEP 03: Enter to First Name Textbox Thuy
[14-11-2024 16:45:57.744 INFO com.orangehrm.pim.PIM_01_Employee_Log4J] - Employee_01_Add_New - STEP 04: Enter to Last Name Textbox Nguyen
[14-11-2024 16:45:57.822 INFO com.orangehrm.pim.PIM_01_Employee_Log4J] - Employee_01_Add_New - STEP 05: Get employee ID null
[14-11-2024 16:45:57.911 INFO com.orangehrm.pim.PIM_01_Employee_Log4J] - Employee_01_Add_New - STEP 06: Open Personal Detail Page










































































































































































































































































































































































































































































































































































































































































































































































































































































































































































































































































































































































































































































































































































[14-11-2024 18:04:24.569 INFO com.orangehrm.pim.PIM_01_Employee_Log4J] - Employee_01_Add_New - STEP 01: Open Employee List Page
[15-11-2024 09:20:07.397 INFO com.orangehrm.pim.PIM_01_Employee_Log4J] - Employee_01_Add_New - STEP 01: Open Employee List Page
[15-11-2024 09:20:39.231 INFO com.orangehrm.pim.PIM_01_Employee_Log4J] - Employee_01_Add_New - STEP 02: Open Add New Employee Page
[15-11-2024 09:21:15.346 INFO com.orangehrm.pim.PIM_01_Employee_Log4J] - Employee_01_Add_New - STEP 03: Enter to First Name Textbox Thuy
[15-11-2024 09:21:15.438 INFO com.orangehrm.pim.PIM_01_Employee_Log4J] - Employee_01_Add_New - STEP 04: Enter to Last Name Textbox Nguyen
[15-11-2024 09:21:15.527 INFO com.orangehrm.pim.PIM_01_Employee_Log4J] - Employee_01_Add_New - STEP 05: Get employee ID null
[15-11-2024 09:21:15.611 INFO com.orangehrm.pim.PIM_01_Employee_Log4J] - Employee_01_Add_New - STEP 06: Open Personal Detail Page 
[15-11-2024 09:22:44.840 INFO com.orangehrm.pim.PIM_01_Employee_Log4J] - Employee_01_Add_New - STEP 01: Open Employee List Page
[15-11-2024 09:23:04.677 INFO com.orangehrm.pim.PIM_01_Employee_Log4J] - Employee_01_Add_New - STEP 02: Open Add New Employee Page
[15-11-2024 09:23:07.276 INFO com.orangehrm.pim.PIM_01_Employee_Log4J] - Employee_01_Add_New - STEP 03: Enter to First Name Textbox Thuy
[15-11-2024 09:23:07.440 INFO com.orangehrm.pim.PIM_01_Employee_Log4J] - Employee_01_Add_New - STEP 04: Enter to Last Name Textbox Nguyen
[15-11-2024 09:23:07.605 INFO com.orangehrm.pim.PIM_01_Employee_Log4J] - Employee_01_Add_New - STEP 05: Get employee ID null
[15-11-2024 09:23:07.669 INFO com.orangehrm.pim.PIM_01_Employee_Log4J] - Employee_01_Add_New - STEP 06: Open Personal Detail Page 
[15-11-2024 09:23:36.494 INFO com.orangehrm.pim.PIM_01_Employee_Log4J] - Employee_01_Add_New - STEP 01: Open Employee List Page
[15-11-2024 09:23:44.664 INFO com.orangehrm.pim.PIM_01_Employee_Log4J] - Employee_01_Add_New - STEP 02: Open Add New Employee Page
[15-11-2024 09:23:47.488 INFO com.orangehrm.pim.PIM_01_Employee_Log4J] - Employee_01_Add_New - STEP 03: Enter to First Name Textbox Thuy
[15-11-2024 09:23:47.719 INFO com.orangehrm.pim.PIM_01_Employee_Log4J] - Employee_01_Add_New - STEP 04: Enter to Last Name Textbox Nguyen
[15-11-2024 09:23:47.906 INFO com.orangehrm.pim.PIM_01_Employee_Log4J] - Employee_01_Add_New - STEP 05: Get employee ID null
[15-11-2024 09:23:47.985 INFO com.orangehrm.pim.PIM_01_Employee_Log4J] - Employee_01_Add_New - STEP 06: Open Personal Detail Page 
[15-11-2024 13:59:38.160 INFO com.orangehrm.pim.PIM_01_Employee_Log4J] - Employee_01_Add_New - STEP 01: Open Employee List Page
[15-11-2024 14:00:05.780 INFO com.orangehrm.pim.PIM_01_Employee_Log4J] - Employee_01_Add_New - STEP 02: Open Add New Employee Page
[15-11-2024 14:00:09.403 INFO com.orangehrm.pim.PIM_01_Employee_Log4J] - Employee_01_Add_New - STEP 03: Enter to First Name Textbox Thuy
[15-11-2024 14:00:09.507 INFO com.orangehrm.pim.PIM_01_Employee_Log4J] - Employee_01_Add_New - STEP 04: Enter to Last Name Textbox Nguyen
[15-11-2024 14:00:09.667 INFO com.orangehrm.pim.PIM_01_Employee_Log4J] - Employee_01_Add_New - STEP 05: Get employee ID null
[15-11-2024 14:00:09.813 INFO com.orangehrm.pim.PIM_01_Employee_Log4J] - Employee_01_Add_New - STEP 06: Open Personal Detail Page 
[15-11-2024 14:01:24.645 INFO com.orangehrm.pim.PIM_01_Employee_Log4J] - Employee_01_Add_New - STEP 01: Open Employee List Page
[15-11-2024 14:01:46.233 INFO com.orangehrm.pim.PIM_01_Employee_Log4J] - Employee_01_Add_New - STEP 02: Open Add New Employee Page
[15-11-2024 14:01:49.106 INFO com.orangehrm.pim.PIM_01_Employee_Log4J] - Employee_01_Add_New - STEP 03: Enter to First Name Textbox Thuy
[15-11-2024 14:01:49.277 INFO com.orangehrm.pim.PIM_01_Employee_Log4J] - Employee_01_Add_New - STEP 04: Enter to Last Name Textbox Nguyen
[15-11-2024 14:01:49.414 INFO com.orangehrm.pim.PIM_01_Employee_Log4J] - Employee_01_Add_New - STEP 05: Get employee ID null
[15-11-2024 14:01:49.502 INFO com.orangehrm.pim.PIM_01_Employee_Log4J] - Employee_01_Add_New - STEP 06: Open Personal Detail Page 
[15-11-2024 14:02:40.828 INFO com.orangehrm.pim.PIM_01_Employee_Log4J] - Employee_01_Add_New - STEP 01: Open Employee List Page
[15-11-2024 14:02:49.065 INFO com.orangehrm.pim.PIM_01_Employee_Log4J] - Employee_01_Add_New - STEP 02: Open Add New Employee Page
[15-11-2024 14:02:52.681 INFO com.orangehrm.pim.PIM_01_Employee_Log4J] - Employee_01_Add_New - STEP 03: Enter to First Name Textbox Thuy
[15-11-2024 14:02:53.837 INFO com.orangehrm.pim.PIM_01_Employee_Log4J] - Employee_01_Add_New - STEP 04: Enter to Last Name Textbox Nguyen
[15-11-2024 14:02:54.001 INFO com.orangehrm.pim.PIM_01_Employee_Log4J] - Employee_01_Add_New - STEP 05: Get employee ID null
[15-11-2024 14:02:54.081 INFO com.orangehrm.pim.PIM_01_Employee_Log4J] - Employee_01_Add_New - STEP 06: Open Personal Detail Page 
[15-11-2024 15:26:48.106 INFO com.orangehrm.pim.PIM_01_Employee_Log4J] - Employee_01_Add_New - STEP 01: Open Employee List Page
[15-11-2024 15:27:52.509 INFO com.orangehrm.pim.PIM_01_Employee_Log4J] - Employee_01_Add_New - STEP 02: Open Add New Employee Page
[15-11-2024 15:28:20.819 INFO com.orangehrm.pim.PIM_01_Employee_Log4J] - Employee_01_Add_New - STEP 03: Enter to First Name Textbox Thuy
[15-11-2024 15:28:22.216 INFO com.orangehrm.pim.PIM_01_Employee_Log4J] - Employee_01_Add_New - STEP 04: Enter to Last Name Textbox Nguyen
[15-11-2024 15:28:22.311 INFO com.orangehrm.pim.PIM_01_Employee_Log4J] - Employee_01_Add_New - STEP 05: Get employee ID null
[15-11-2024 15:28:22.407 INFO com.orangehrm.pim.PIM_01_Employee_Log4J] - Employee_01_Add_New - STEP 06: Open Personal Detail Page 
